#
# A fatal error has been detected by the Java Runtime Environment:
#
#  SIGSEGV (0xb) at pc=0x00007fff859acfc9, pid=6642, tid=29959
#
# JRE version: Java(TM) SE Runtime Environment (7.0_75-b13) (build 1.7.0_75-b13)
# Java VM: Java HotSpot(TM) 64-Bit Server VM (24.75-b04 mixed mode bsd-amd64 compressed oops)
# Problematic frame:
# C  [libsystem_platform.dylib+0x4fc9]  _platform_memmove$VARIANT$Unknown+0x29
#
# Failed to write core dump. Core dumps have been disabled. To enable core dumping, try "ulimit -c unlimited" before starting Java again
#
# If you would like to submit a bug report, please visit:
#   http://bugreport.sun.com/bugreport/crash.jsp
# The crash happened outside the Java Virtual Machine in native code.
# See problematic frame for where to report the bug.
#

---------------  T H R E A D  ---------------

Current thread (0x00007fb933f24000):  JavaThread "Daemon worker Thread 2" [_thread_in_native, id=29959, stack(0x0000000111682000,0x0000000111782000)]

siginfo:si_signo=SIGSEGV: si_errno=0, si_code=1 (SEGV_MAPERR), si_addr=0x000000010e8c9000

Registers:
RAX=0x00007fb93262fa00, RBX=0x000000010e8c7f5a, RCX=0x000000000000c695, RDX=0x000000000000d70d
RSP=0x000000011177e700, RBP=0x000000011177e700, RSI=0x000000010e8c9000, RDI=0x00007fb932630a78
R8 =0x00007fb932557600, R9 =0x0000000000000004, R10=0x000000007ef37cd8, R11=0x00007fb823d67a78
R12=0x00000000732d7839, R13=0x000000007af03a92, R14=0x0000000034b742a9, R15=0x00000000000075e0
RIP=0x00007fff859acfc9, EFLAGS=0x0000000000010202, ERR=0x0000000000000004
  TRAPNO=0x000000000000000e

Top of Stack: (sp=0x000000011177e700)
0x000000011177e700:   000000011177e770 00000001065bb22b
0x000000011177e710:   000000e01177e740 0000000000000075
0x000000011177e720:   0000000000009190 00007fb93262fa00
0x000000011177e730:   000000000000d70d 00007fb934379ca0
0x000000011177e740:   00007fb9342add10 00000000497fa543
0x000000011177e750:   0000000000000030 00007fb934379e40
0x000000011177e760:   00007fb934379ca0 00007fb93426d980
0x000000011177e770:   000000011177e7c0 00000001065bb725
0x000000011177e780:   0000000000000037 0000003733f24000
0x000000011177e790:   000000011177e7de 000000011177ec28
0x000000011177e7a0:   0000000000000037 000000011177e7de
0x000000011177e7b0:   00007fb934379ca0 00007fb933f241e8
0x000000011177e7c0:   000000011177ec10 00000001065ba570
0x000000011177e7d0:   00000007f4d2b778 454d000100000001
0x000000011177e7e0:   732f464e492d4154 2f73656369767265
0x000000011177e7f0:   6e612e786176616a 6e6f697461746f6e
0x000000011177e800:   737365636f72702e 636f72502e676e69
0x000000011177e810:   000000726f737365 00007fb933f24000
0x000000011177e820:   000000011177e850 0000000000000000
0x000000011177e830:   0000000000000001 00000007b029d59b
0x000000011177e840:   00000007f4d2b8e0 00007fb933f24000
0x000000011177e850:   0000000000000004 00000007f4d2b8e0
0x000000011177e860:   0000000000000004 00007fb934330fd8
0x000000011177e870:   000000011177e8c0 0000000105b9e1e5
0x000000011177e880:   00007fb933f24000 0000000000000001
0x000000011177e890:   000000011177e8c0 0000000000000002
0x000000011177e8a0:   0000000000000004 00000007b00e21d0
0x000000011177e8b0:   00007fb933f24000 0000000000000005
0x000000011177e8c0:   000000011177e910 0000000105daa466
0x000000011177e8d0:   000000000000001f 00000007b029b958
0x000000011177e8e0:   000000011177e928 00007fb933f24000
0x000000011177e8f0:   000000011177e910 0000000105f736ba 

Instructions: (pc=0x00007fff859acfc9)
0x00007fff859acfa9:   f3 48 89 f8 49 39 d3 72 1b 48 83 fa 60 76 2f 48
0x00007fff859acfb9:   81 fa 00 40 00 00 0f 82 bb 00 00 00 48 89 d1 fc
0x00007fff859acfc9:   f3 a4 5d c3 48 39 fe 74 f9 48 01 d6 48 01 d7 48
0x00007fff859acfd9:   83 fa 60 0f 82 5c 01 00 00 e9 79 01 00 00 48 83 

Register to memory mapping:

RAX=0x00007fb93262fa00 is an unknown value
RBX=0x000000010e8c7f5a is an unknown value
RCX=0x000000000000c695 is an unknown value
RDX=0x000000000000d70d is an unknown value
RSP=0x000000011177e700 is pointing into the stack for thread: 0x00007fb933f24000
RBP=0x000000011177e700 is pointing into the stack for thread: 0x00007fb933f24000
RSI=0x000000010e8c9000 is an unknown value
RDI=0x00007fb932630a78 is an unknown value
R8 =0x00007fb932557600 is an unknown value
R9 =0x0000000000000004 is an unknown value
R10=0x000000007ef37cd8 is an unknown value
R11=0x00007fb823d67a78 is an unknown value
R12=0x00000000732d7839 is an unknown value
R13=0x000000007af03a92 is an unknown value
R14=0x0000000034b742a9 is an unknown value
R15=0x00000000000075e0 is an unknown value


Stack: [0x0000000111682000,0x0000000111782000],  sp=0x000000011177e700,  free space=1009k
Native frames: (J=compiled Java code, j=interpreted, Vv=VM code, C=native code)
C  [libsystem_platform.dylib+0x4fc9]  _platform_memmove$VARIANT$Unknown+0x29
C  [libzip.dylib+0x322b]  newEntry+0x2c8
C  [libzip.dylib+0x3725]  ZIP_GetEntry+0xa2
C  [libzip.dylib+0x2570]  Java_java_util_zip_ZipFile_getEntry+0xdd
J 49  java.util.zip.ZipFile.getEntry(J[BZ)J (0 bytes) @ 0x0000000106f7e3ce [0x0000000106f7e300+0xce]

Java frames: (J=compiled Java code, j=interpreted, Vv=VM code)
J 49  java.util.zip.ZipFile.getEntry(J[BZ)J (0 bytes) @ 0x0000000106f7e358 [0x0000000106f7e300+0x58]
J 71 C2 java.util.jar.JarFile.getEntry(Ljava/lang/String;)Ljava/util/zip/ZipEntry; (22 bytes) @ 0x0000000106f922e8 [0x0000000106f92220+0xc8]
j  sun.net.www.protocol.jar.URLJarFile.getEntry(Ljava/lang/String;)Ljava/util/zip/ZipEntry;+2
j  sun.net.www.protocol.jar.JarURLConnection.connect()V+62
j  sun.net.www.protocol.jar.JarURLConnection.getInputStream()Ljava/io/InputStream;+1
j  java.net.URL.openStream()Ljava/io/InputStream;+4
j  java.util.ServiceLoader.parse(Ljava/lang/Class;Ljava/net/URL;)Ljava/util/Iterator;+15
j  java.util.ServiceLoader.access$200(Ljava/util/ServiceLoader;Ljava/lang/Class;Ljava/net/URL;)Ljava/util/Iterator;+3
j  java.util.ServiceLoader$LazyIterator.hasNext()Z+140
j  java.util.ServiceLoader$1.hasNext()Z+21
j  com.sun.tools.javac.processing.JavacProcessingEnvironment$ServiceIterator.hasNext()Z+4
j  com.sun.tools.javac.processing.JavacProcessingEnvironment$DiscoveredProcessors$ProcessorStateIterator.hasNext()Z+39
j  com.sun.tools.javac.processing.JavacProcessingEnvironment.atLeastOneProcessor()Z+7
j  com.sun.tools.javac.main.JavaCompiler.initProcessAnnotations(Ljava/lang/Iterable;)V+52
j  com.sun.tools.javac.main.JavaCompiler.compile(Lcom/sun/tools/javac/util/List;Lcom/sun/tools/javac/util/List;Ljava/lang/Iterable;)V+127
j  com.sun.tools.javac.main.Main.compile([Ljava/lang/String;[Ljava/lang/String;Lcom/sun/tools/javac/util/Context;Lcom/sun/tools/javac/util/List;Ljava/lang/Iterable;)I+761
j  com.sun.tools.javac.api.JavacTaskImpl.call()Ljava/lang/Boolean;+59
j  org.gradle.api.internal.tasks.compile.JdkJavaCompiler.execute(Lorg/gradle/api/internal/tasks/compile/JavaCompileSpec;)Lorg/gradle/api/tasks/WorkResult;+17
j  org.gradle.api.internal.tasks.compile.JdkJavaCompiler.execute(Lorg/gradle/language/base/internal/compile/CompileSpec;)Lorg/gradle/api/tasks/WorkResult;+5
j  org.gradle.api.internal.tasks.compile.NormalizingJavaCompiler.delegateAndHandleErrors(Lorg/gradle/api/internal/tasks/compile/JavaCompileSpec;)Lorg/gradle/api/tasks/WorkResult;+5
j  org.gradle.api.internal.tasks.compile.NormalizingJavaCompiler.execute(Lorg/gradle/api/internal/tasks/compile/JavaCompileSpec;)Lorg/gradle/api/tasks/WorkResult;+27
j  org.gradle.api.internal.tasks.compile.NormalizingJavaCompiler.execute(Lorg/gradle/language/base/internal/compile/CompileSpec;)Lorg/gradle/api/tasks/WorkResult;+5
j  org.gradle.api.internal.tasks.compile.CleaningJavaCompilerSupport.execute(Lorg/gradle/api/internal/tasks/compile/JavaCompileSpec;)Lorg/gradle/api/tasks/WorkResult;+37
j  org.gradle.api.internal.tasks.compile.CleaningJavaCompilerSupport.execute(Lorg/gradle/language/base/internal/compile/CompileSpec;)Lorg/gradle/api/tasks/WorkResult;+5
j  org.gradle.api.tasks.compile.JavaCompile.performCompilation(Lorg/gradle/api/internal/tasks/compile/JavaCompileSpec;Lorg/gradle/language/base/internal/compile/Compiler;)V+2
j  org.gradle.api.tasks.compile.JavaCompile.compile()V+12
j  org.gradle.api.tasks.compile.JavaCompile.compile(Lorg/gradle/api/tasks/incremental/IncrementalTaskInputs;)V+11
v  ~StubRoutines::call_stub
j  sun.reflect.NativeMethodAccessorImpl.invoke0(Ljava/lang/reflect/Method;Ljava/lang/Object;[Ljava/lang/Object;)Ljava/lang/Object;+0
j  sun.reflect.NativeMethodAccessorImpl.invoke(Ljava/lang/Object;[Ljava/lang/Object;)Ljava/lang/Object;+87
J 1013 C2 java.lang.reflect.Method.invoke(Ljava/lang/Object;[Ljava/lang/Object;)Ljava/lang/Object; (63 bytes) @ 0x0000000107223570 [0x00000001072234e0+0x90]
j  org.gradle.internal.reflect.JavaMethod.invoke(Ljava/lang/Object;[Ljava/lang/Object;)Ljava/lang/Object;+6
j  org.gradle.api.internal.project.taskfactory.AnnotationProcessingTaskFactory$IncrementalTaskAction.doExecute(Lorg/gradle/api/Task;Ljava/lang/String;)V+35
j  org.gradle.api.internal.project.taskfactory.AnnotationProcessingTaskFactory$StandardTaskAction.execute(Lorg/gradle/api/Task;)V+32
j  org.gradle.api.internal.project.taskfactory.AnnotationProcessingTaskFactory$IncrementalTaskAction.execute(Lorg/gradle/api/Task;)V+2
j  org.gradle.api.internal.project.taskfactory.AnnotationProcessingTaskFactory$StandardTaskAction.execute(Ljava/lang/Object;)V+5
j  org.gradle.api.internal.tasks.execution.ExecuteActionsTaskExecuter.executeAction(Lorg/gradle/api/internal/TaskInternal;Lorg/gradle/api/internal/tasks/ContextAwareTaskAction;Lorg/gradle/api/internal/tasks/TaskExecutionContext;)V+9
j  org.gradle.api.internal.tasks.execution.ExecuteActionsTaskExecuter.executeActions(Lorg/gradle/api/internal/TaskInternal;Lorg/gradle/api/internal/tasks/TaskStateInternal;Lorg/gradle/api/internal/tasks/TaskExecutionContext;)Lorg/gradle/api/GradleException;+79
j  org.gradle.api.internal.tasks.execution.ExecuteActionsTaskExecuter.execute(Lorg/gradle/api/internal/TaskInternal;Lorg/gradle/api/internal/tasks/TaskStateInternal;Lorg/gradle/api/internal/tasks/TaskExecutionContext;)V+19
j  org.gradle.api.internal.tasks.execution.PostExecutionAnalysisTaskExecuter.execute(Lorg/gradle/api/internal/TaskInternal;Lorg/gradle/api/internal/tasks/TaskStateInternal;Lorg/gradle/api/internal/tasks/TaskExecutionContext;)V+7
j  org.gradle.api.internal.tasks.execution.SkipUpToDateTaskExecuter.execute(Lorg/gradle/api/internal/TaskInternal;Lorg/gradle/api/internal/tasks/TaskStateInternal;Lorg/gradle/api/internal/tasks/TaskExecutionContext;)V+133
j  org.gradle.api.internal.tasks.execution.ValidatingTaskExecuter.execute(Lorg/gradle/api/internal/TaskInternal;Lorg/gradle/api/internal/tasks/TaskStateInternal;Lorg/gradle/api/internal/tasks/TaskExecutionContext;)V+215
j  org.gradle.api.internal.tasks.execution.SkipEmptySourceFilesTaskExecuter.execute(Lorg/gradle/api/internal/TaskInternal;Lorg/gradle/api/internal/tasks/TaskStateInternal;Lorg/gradle/api/internal/tasks/TaskExecutionContext;)V+56
j  org.gradle.api.internal.tasks.execution.SkipTaskWithNoActionsExecuter.execute(Lorg/gradle/api/internal/TaskInternal;Lorg/gradle/api/internal/tasks/TaskStateInternal;Lorg/gradle/api/internal/tasks/TaskExecutionContext;)V+110
j  org.gradle.api.internal.tasks.execution.SkipOnlyIfTaskExecuter.execute(Lorg/gradle/api/internal/TaskInternal;Lorg/gradle/api/internal/tasks/TaskStateInternal;Lorg/gradle/api/internal/tasks/TaskExecutionContext;)V+84
j  org.gradle.api.internal.tasks.execution.ExecuteAtMostOnceTaskExecuter.execute(Lorg/gradle/api/internal/TaskInternal;Lorg/gradle/api/internal/tasks/TaskStateInternal;Lorg/gradle/api/internal/tasks/TaskExecutionContext;)V+26
j  org.gradle.api.internal.AbstractTask.executeWithoutThrowingTaskFailure()V+16
j  org.gradle.execution.taskgraph.AbstractTaskPlanExecutor$TaskExecutorWorker.executeTask(Lorg/gradle/execution/taskgraph/TaskInfo;)V+38
j  org.gradle.execution.taskgraph.AbstractTaskPlanExecutor$TaskExecutorWorker.processTask(Lorg/gradle/execution/taskgraph/TaskInfo;)V+2
j  org.gradle.execution.taskgraph.AbstractTaskPlanExecutor$TaskExecutorWorker.run()V+56
j  org.gradle.execution.taskgraph.DefaultTaskPlanExecutor.process(Lorg/gradle/execution/taskgraph/TaskExecutionPlan;Lorg/gradle/api/execution/TaskExecutionListener;)V+6
j  org.gradle.execution.taskgraph.DefaultTaskGraphExecuter.execute()V+46
j  org.gradle.execution.SelectedTaskExecutionAction.execute(Lorg/gradle/execution/BuildExecutionContext;)V+41
j  org.gradle.execution.DefaultBuildExecuter.execute(I)V+36
j  org.gradle.execution.DefaultBuildExecuter.access$200(Lorg/gradle/execution/DefaultBuildExecuter;I)V+2
j  org.gradle.execution.DefaultBuildExecuter$2.proceed()V+10
j  org.gradle.execution.DryRunBuildExecutionAction.execute(Lorg/gradle/execution/BuildExecutionContext;)V+68
j  org.gradle.execution.DefaultBuildExecuter.execute(I)V+36
j  org.gradle.execution.DefaultBuildExecuter.execute()V+2
j  org.gradle.initialization.DefaultGradleLauncher.doBuildStages(Lorg/gradle/initialization/DefaultGradleLauncher$Stage;)V+184
j  org.gradle.initialization.DefaultGradleLauncher.doBuild(Lorg/gradle/initialization/DefaultGradleLauncher$Stage;)Lorg/gradle/BuildResult;+27
j  org.gradle.initialization.DefaultGradleLauncher.run()Lorg/gradle/BuildResult;+4
j  org.gradle.launcher.exec.InProcessBuildActionExecuter$DefaultBuildController.run()Lorg/gradle/api/internal/GradleInternal;+5
j  org.gradle.tooling.internal.provider.BuildModelAction.run(Lorg/gradle/initialization/BuildController;)Lorg/gradle/tooling/internal/provider/BuildActionResult;+15
j  org.gradle.tooling.internal.provider.BuildModelAction.run(Lorg/gradle/initialization/BuildController;)Ljava/lang/Object;+2
j  org.gradle.tooling.internal.provider.ConfiguringBuildAction.run(Lorg/gradle/initialization/BuildController;)Ljava/lang/Object;+15
j  org.gradle.launcher.exec.InProcessBuildActionExecuter.execute(Lorg/gradle/initialization/BuildAction;Lorg/gradle/initialization/BuildCancellationToken;Lorg/gradle/launcher/exec/BuildActionParameters;)Ljava/lang/Object;+19
j  org.gradle.launcher.exec.InProcessBuildActionExecuter.execute(Lorg/gradle/initialization/BuildAction;Lorg/gradle/initialization/BuildCancellationToken;Ljava/lang/Object;)Ljava/lang/Object;+7
j  org.gradle.launcher.daemon.server.exec.ExecuteBuild.doBuild(Lorg/gradle/launcher/daemon/server/exec/DaemonCommandExecution;Lorg/gradle/launcher/daemon/protocol/Build;)V+47
j  org.gradle.launcher.daemon.server.exec.BuildCommandOnly.execute(Lorg/gradle/launcher/daemon/server/exec/DaemonCommandExecution;)V+49
j  org.gradle.launcher.daemon.server.exec.DaemonCommandExecution.proceed()Z+28
j  org.gradle.launcher.daemon.server.exec.WatchForDisconnection.execute(Lorg/gradle/launcher/daemon/server/exec/DaemonCommandExecution;)V+19
j  org.gradle.launcher.daemon.server.exec.DaemonCommandExecution.proceed()Z+28
j  org.gradle.launcher.daemon.server.exec.ResetDeprecationLogger.execute(Lorg/gradle/launcher/daemon/server/exec/DaemonCommandExecution;)V+4
j  org.gradle.launcher.daemon.server.exec.DaemonCommandExecution.proceed()Z+28
j  org.gradle.launcher.daemon.server.exec.StartStopIfBuildAndStop.execute(Lorg/gradle/launcher/daemon/server/exec/DaemonCommandExecution;)V+34
j  org.gradle.launcher.daemon.server.exec.DaemonCommandExecution.proceed()Z+28
j  org.gradle.launcher.daemon.server.exec.ForwardClientInput$2.call()Ljava/lang/Void;+4
j  org.gradle.launcher.daemon.server.exec.ForwardClientInput$2.call()Ljava/lang/Object;+1
j  org.gradle.util.Swapper.swap(Ljava/lang/Object;Ljava/util/concurrent/Callable;)Ljava/lang/Object;+21
j  org.gradle.launcher.daemon.server.exec.ForwardClientInput.execute(Lorg/gradle/launcher/daemon/server/exec/DaemonCommandExecution;)V+63
j  org.gradle.launcher.daemon.server.exec.DaemonCommandExecution.proceed()Z+28
j  org.gradle.launcher.daemon.server.exec.LogToClient.doBuild(Lorg/gradle/launcher/daemon/server/exec/DaemonCommandExecution;Lorg/gradle/launcher/daemon/protocol/Build;)V+92
j  org.gradle.launcher.daemon.server.exec.BuildCommandOnly.execute(Lorg/gradle/launcher/daemon/server/exec/DaemonCommandExecution;)V+49
j  org.gradle.launcher.daemon.server.exec.DaemonCommandExecution.proceed()Z+28
j  org.gradle.launcher.daemon.server.exec.EstablishBuildEnvironment.doBuild(Lorg/gradle/launcher/daemon/server/exec/DaemonCommandExecution;Lorg/gradle/launcher/daemon/protocol/Build;)V+237
j  org.gradle.launcher.daemon.server.exec.BuildCommandOnly.execute(Lorg/gradle/launcher/daemon/server/exec/DaemonCommandExecution;)V+49
j  org.gradle.launcher.daemon.server.exec.DaemonCommandExecution.proceed()Z+28
j  org.gradle.launcher.daemon.server.exec.DaemonHygieneAction.execute(Lorg/gradle/launcher/daemon/server/exec/DaemonCommandExecution;)V+1
j  org.gradle.launcher.daemon.server.exec.DaemonCommandExecution.proceed()Z+28
j  org.gradle.launcher.daemon.server.exec.StartBuildOrRespondWithBusy$1.run()V+44
j  org.gradle.launcher.daemon.server.DaemonStateCoordinator$1.run()V+4
j  org.gradle.internal.concurrent.DefaultExecutorFactory$StoppableExecutorImpl$1.run()V+18
j  java.util.concurrent.ThreadPoolExecutor.runWorker(Ljava/util/concurrent/ThreadPoolExecutor$Worker;)V+95
j  java.util.concurrent.ThreadPoolExecutor$Worker.run()V+5
j  java.lang.Thread.run()V+11
v  ~StubRoutines::call_stub

---------------  P R O C E S S  ---------------

Java Threads: ( => current thread )
  0x00007fb934902000 JavaThread "process reaper" daemon [_thread_blocked, id=31239, stack(0x0000000111f4d000,0x0000000111f75000)]
  0x00007fb934901000 JavaThread "process reaper" daemon [_thread_blocked, id=47111, stack(0x0000000111f22000,0x0000000111f4a000)]
  0x00007fb935463000 JavaThread "process reaper" daemon [_thread_blocked, id=47375, stack(0x0000000111c9a000,0x0000000111cc2000)]
  0x00007fb93220e800 JavaThread "process reaper" daemon [_thread_blocked, id=46859, stack(0x0000000111b26000,0x0000000111b4e000)]
  0x00007fb933aea800 JavaThread "process reaper" daemon [_thread_blocked, id=41739, stack(0x0000000111afb000,0x0000000111b23000)]
  0x00007fb935819800 JavaThread "process reaper" daemon [_thread_blocked, id=13075, stack(0x00000001112cb000,0x00000001112f3000)]
  0x00007fb936442800 JavaThread "process reaper" daemon [_thread_blocked, id=21519, stack(0x0000000110f7e000,0x0000000110fa6000)]
  0x00007fb934857800 JavaThread "process reaper" daemon [_thread_blocked, id=12311, stack(0x0000000110f53000,0x0000000110f7b000)]
  0x00007fb9339aa000 JavaThread "process reaper" daemon [_thread_blocked, id=23819, stack(0x0000000110a4a000,0x0000000110a72000)]
  0x00007fb9355be800 JavaThread "process reaper" daemon [_thread_blocked, id=14095, stack(0x000000010e895000,0x000000010e8bd000)]
  0x00007fb935440000 JavaThread "pool-3-thread-4" [_thread_blocked, id=48903, stack(0x00000001126c7000,0x00000001127c7000)]
  0x00007fb932495000 JavaThread "pool-3-thread-3" [_thread_blocked, id=22535, stack(0x00000001125c4000,0x00000001126c4000)]
  0x00007fb9361ef000 JavaThread "pool-3-thread-2" [_thread_blocked, id=22279, stack(0x00000001124c1000,0x00000001125c1000)]
  0x00007fb93543f800 JavaThread "pool-3-thread-1" [_thread_blocked, id=36103, stack(0x00000001123be000,0x00000001124be000)]
  0x00007fb933e62000 JavaThread "Stdin handler" [_thread_blocked, id=30215, stack(0x0000000111cde000,0x0000000111dde000)]
=>0x00007fb933f24000 JavaThread "Daemon worker Thread 2" [_thread_in_native, id=29959, stack(0x0000000111682000,0x0000000111782000)]
  0x00007fb935075000 JavaThread "Cancel handler" [_thread_blocked, id=46343, stack(0x000000011116e000,0x000000011126e000)]
  0x00007fb933e3b000 JavaThread "Handler for socket connection from /127.0.0.1:50429 to /127.0.0.1:50461" [_thread_in_native, id=20743, stack(0x000000011106b000,0x000000011116b000)]
  0x00007fb932280800 JavaThread "Daemon Thread 2" [_thread_blocked, id=19207, stack(0x0000000110e0f000,0x0000000110f0f000)]
  0x00007fb932841000 JavaThread "File lock request listener" [_thread_in_native, id=21763, stack(0x0000000111389000,0x0000000111489000)]
  0x00007fb932272000 JavaThread "Incoming local TCP Connector on port 50429" [_thread_in_native, id=18691, stack(0x0000000110d0c000,0x0000000110e0c000)]
  0x00007fb93381d000 JavaThread "Service Thread" daemon [_thread_blocked, id=17667, stack(0x0000000110393000,0x0000000110493000)]
  0x00007fb93380b000 JavaThread "C2 CompilerThread1" daemon [_thread_blocked, id=17155, stack(0x0000000110290000,0x0000000110390000)]
  0x00007fb933017800 JavaThread "C2 CompilerThread0" daemon [_thread_blocked, id=16643, stack(0x000000011018d000,0x000000011028d000)]
  0x00007fb933001000 JavaThread "Signal Dispatcher" daemon [_thread_blocked, id=13335, stack(0x000000011008a000,0x000000011018a000)]
  0x00007fb933805800 JavaThread "Finalizer" daemon [_thread_blocked, id=11523, stack(0x000000010e744000,0x000000010e844000)]
  0x00007fb932821000 JavaThread "Reference Handler" daemon [_thread_blocked, id=11011, stack(0x000000010e641000,0x000000010e741000)]
  0x00007fb932801000 JavaThread "main" [_thread_blocked, id=4867, stack(0x0000000106e01000,0x0000000106f01000)]

Other Threads:
  0x00007fb933003800 VMThread [stack: 0x000000010e53e000,0x000000010e63e000] [id=10499]
  0x00007fb93300f000 WatcherThread [stack: 0x0000000110496000,0x0000000110596000] [id=18179]

VM state:not at safepoint (normal execution)

VM Mutex/Monitor currently owned by a thread: None

Heap
 PSYoungGen      total 299008K, used 193400K [0x00000007eaa80000, 0x0000000800000000, 0x0000000800000000)
  eden space 272896K, 61% used [0x00000007eaa80000,0x00000007f4e46a60,0x00000007fb500000)
  from space 26112K, 98% used [0x00000007fb500000,0x00000007fce178e0,0x00000007fce80000)
  to   space 40448K, 0% used [0x00000007fd880000,0x00000007fd880000,0x0000000800000000)
 ParOldGen       total 152064K, used 84942K [0x00000007c0000000, 0x00000007c9480000, 0x00000007eaa80000)
  object space 152064K, 55% used [0x00000007c0000000,0x00000007c52f3948,0x00000007c9480000)
 PSPermGen       total 117248K, used 80673K [0x00000007b0000000, 0x00000007b7280000, 0x00000007c0000000)
  object space 117248K, 68% used [0x00000007b0000000,0x00000007b4ec8530,0x00000007b7280000)

Card table byte_map: [0x0000000109fc3000,0x000000010a244000] byte_map_base: 0x0000000106243000

Polling page: 0x00000001065ae000

Code Cache  [0x0000000106f03000, 0x0000000107683000, 0x0000000109f03000)
 total_blobs=2347 nmethods=1691 adapters=608 free_code_cache=41713Kb largest_free_block=42512960

Compilation events (10 events):
Event: 210.032 Thread 0x00007fb933017800 1856             sun.security.provider.ByteArrayAccess::i2bLittle4 (111 bytes)
Event: 210.033 Thread 0x00007fb933017800 nmethod 1856 0x0000000107597950 code [0x0000000107597a80, 0x0000000107597af8]
Event: 210.038 Thread 0x00007fb93380b000 1857             com.esotericsoftware.kryo.io.Output::writeByte (35 bytes)
Event: 210.038 Thread 0x00007fb933017800 1858             org.gradle.messaging.serialize.kryo.KryoBackedEncoder::writeByte (9 bytes)
Event: 210.039 Thread 0x00007fb93380b000 nmethod 1857 0x0000000107321290 code [0x00000001073213e0, 0x00000001073214c8]
Event: 210.039 Thread 0x00007fb933017800 nmethod 1858 0x0000000107599210 code [0x0000000107599360, 0x0000000107599488]
Event: 210.045 Thread 0x00007fb93380b000 1859             org.codehaus.groovy.runtime.MetaClassHelper::sameClasses (54 bytes)
Event: 210.048 Thread 0x00007fb93380b000 nmethod 1859 0x0000000107636290 code [0x0000000107636400, 0x00000001076366f8]
Event: 210.058 Thread 0x00007fb933017800 1860             java.util.regex.Pattern$BranchConn::study (5 bytes)
Event: 210.058 Thread 0x00007fb933017800 nmethod 1860 0x00000001076368d0 code [0x0000000107636a00, 0x0000000107636a78]

GC Heap History (10 events):
Event: 14.219 GC heap before
{Heap before GC invocations=13 (full 1):
 PSYoungGen      total 328192K, used 10836K [0x00000007eaa80000, 0x0000000800000000, 0x0000000800000000)
  eden space 306176K, 0% used [0x00000007eaa80000,0x00000007eaa80000,0x00000007fd580000)
  from space 22016K, 49% used [0x00000007fea80000,0x00000007ff515228,0x0000000800000000)
  to   space 21504K, 0% used [0x00000007fd580000,0x00000007fd580000,0x00000007fea80000)
 ParOldGen       total 87040K, used 46895K [0x00000007c0000000, 0x00000007c5500000, 0x00000007eaa80000)
  object space 87040K, 53% used [0x00000007c0000000,0x00000007c2dcbff8,0x00000007c5500000)
 PSPermGen       total 45568K, used 45178K [0x00000007b0000000, 0x00000007b2c80000, 0x00000007c0000000)
  object space 45568K, 99% used [0x00000007b0000000,0x00000007b2c1e8b0,0x00000007b2c80000)
Event: 14.607 GC heap after
Heap after GC invocations=13 (full 1):
 PSYoungGen      total 328192K, used 0K [0x00000007eaa80000, 0x0000000800000000, 0x0000000800000000)
  eden space 306176K, 0% used [0x00000007eaa80000,0x00000007eaa80000,0x00000007fd580000)
  from space 22016K, 0% used [0x00000007fea80000,0x00000007fea80000,0x0000000800000000)
  to   space 21504K, 0% used [0x00000007fd580000,0x00000007fd580000,0x00000007fea80000)
 ParOldGen       total 87040K, used 47928K [0x00000007c0000000, 0x00000007c5500000, 0x00000007eaa80000)
  object space 87040K, 55% used [0x00000007c0000000,0x00000007c2ece3b8,0x00000007c5500000)
 PSPermGen       total 90624K, used 45118K [0x00000007b0000000, 0x00000007b5880000, 0x00000007c0000000)
  object space 90624K, 49% used [0x00000007b0000000,0x00000007b2c0fb18,0x00000007b5880000)
}
Event: 48.504 GC heap before
{Heap before GC invocations=14 (full 1):
 PSYoungGen      total 328192K, used 306176K [0x00000007eaa80000, 0x0000000800000000, 0x0000000800000000)
  eden space 306176K, 100% used [0x00000007eaa80000,0x00000007fd580000,0x00000007fd580000)
  from space 22016K, 0% used [0x00000007fea80000,0x00000007fea80000,0x0000000800000000)
  to   space 21504K, 0% used [0x00000007fd580000,0x00000007fd580000,0x00000007fea80000)
 ParOldGen       total 87040K, used 47928K [0x00000007c0000000, 0x00000007c5500000, 0x00000007eaa80000)
  object space 87040K, 55% used [0x00000007c0000000,0x00000007c2ece3b8,0x00000007c5500000)
 PSPermGen       total 90624K, used 56073K [0x00000007b0000000, 0x00000007b5880000, 0x00000007c0000000)
  object space 90624K, 61% used [0x00000007b0000000,0x00000007b36c26c8,0x00000007b5880000)
Event: 48.551 GC heap after
Heap after GC invocations=14 (full 1):
 PSYoungGen      total 327680K, used 21500K [0x00000007eaa80000, 0x0000000800000000, 0x0000000800000000)
  eden space 306176K, 0% used [0x00000007eaa80000,0x00000007eaa80000,0x00000007fd580000)
  from space 21504K, 99% used [0x00000007fd580000,0x00000007fea7f0b8,0x00000007fea80000)
  to   space 22016K, 0% used [0x00000007fea80000,0x00000007fea80000,0x0000000800000000)
 ParOldGen       total 87040K, used 50711K [0x00000007c0000000, 0x00000007c5500000, 0x00000007eaa80000)
  object space 87040K, 58% used [0x00000007c0000000,0x00000007c3185c50,0x00000007c5500000)
 PSPermGen       total 90624K, used 56073K [0x00000007b0000000, 0x00000007b5880000, 0x00000007c0000000)
  object space 90624K, 61% used [0x00000007b0000000,0x00000007b36c26c8,0x00000007b5880000)
}
Event: 51.758 GC heap before
{Heap before GC invocations=15 (full 1):
 PSYoungGen      total 327680K, used 327676K [0x00000007eaa80000, 0x0000000800000000, 0x0000000800000000)
  eden space 306176K, 100% used [0x00000007eaa80000,0x00000007fd580000,0x00000007fd580000)
  from space 21504K, 99% used [0x00000007fd580000,0x00000007fea7f0b8,0x00000007fea80000)
  to   space 22016K, 0% used [0x00000007fea80000,0x00000007fea80000,0x0000000800000000)
 ParOldGen       total 87040K, used 50711K [0x00000007c0000000, 0x00000007c5500000, 0x00000007eaa80000)
  object space 87040K, 58% used [0x00000007c0000000,0x00000007c3185c50,0x00000007c5500000)
 PSPermGen       total 90624K, used 65772K [0x00000007b0000000, 0x00000007b5880000, 0x00000007c0000000)
  object space 90624K, 72% used [0x00000007b0000000,0x00000007b403b180,0x00000007b5880000)
Event: 51.821 GC heap after
Heap after GC invocations=15 (full 1):
 PSYoungGen      total 294912K, used 21988K [0x00000007eaa80000, 0x0000000800000000, 0x0000000800000000)
  eden space 272896K, 0% used [0x00000007eaa80000,0x00000007eaa80000,0x00000007fb500000)
  from space 22016K, 99% used [0x00000007fea80000,0x00000007ffff9300,0x0000000800000000)
  to   space 38400K, 0% used [0x00000007fb500000,0x00000007fb500000,0x00000007fda80000)
 ParOldGen       total 87040K, used 76107K [0x00000007c0000000, 0x00000007c5500000, 0x00000007eaa80000)
  object space 87040K, 87% used [0x00000007c0000000,0x00000007c4a52db0,0x00000007c5500000)
 PSPermGen       total 90624K, used 65772K [0x00000007b0000000, 0x00000007b5880000, 0x00000007c0000000)
  object space 90624K, 72% used [0x00000007b0000000,0x00000007b403b180,0x00000007b5880000)
}
Event: 51.821 GC heap before
{Heap before GC invocations=16 (full 2):
 PSYoungGen      total 294912K, used 21988K [0x00000007eaa80000, 0x0000000800000000, 0x0000000800000000)
  eden space 272896K, 0% used [0x00000007eaa80000,0x00000007eaa80000,0x00000007fb500000)
  from space 22016K, 99% used [0x00000007fea80000,0x00000007ffff9300,0x0000000800000000)
  to   space 38400K, 0% used [0x00000007fb500000,0x00000007fb500000,0x00000007fda80000)
 ParOldGen       total 87040K, used 76107K [0x00000007c0000000, 0x00000007c5500000, 0x00000007eaa80000)
  object space 87040K, 87% used [0x00000007c0000000,0x00000007c4a52db0,0x00000007c5500000)
 PSPermGen       total 90624K, used 65772K [0x00000007b0000000, 0x00000007b5880000, 0x00000007c0000000)
  object space 90624K, 72% used [0x00000007b0000000,0x00000007b403b180,0x00000007b5880000)
Event: 52.211 GC heap after
Heap after GC invocations=16 (full 2):
 PSYoungGen      total 294912K, used 0K [0x00000007eaa80000, 0x0000000800000000, 0x0000000800000000)
  eden space 272896K, 0% used [0x00000007eaa80000,0x00000007eaa80000,0x00000007fb500000)
  from space 22016K, 0% used [0x00000007fea80000,0x00000007fea80000,0x0000000800000000)
  to   space 38400K, 0% used [0x00000007fb500000,0x00000007fb500000,0x00000007fda80000)
 ParOldGen       total 152064K, used 84934K [0x00000007c0000000, 0x00000007c9480000, 0x00000007eaa80000)
  object space 152064K, 55% used [0x00000007c0000000,0x00000007c52f1948,0x00000007c9480000)
 PSPermGen       total 117248K, used 65758K [0x00000007b0000000, 0x00000007b7280000, 0x00000007c0000000)
  object space 117248K, 56% used [0x00000007b0000000,0x00000007b4037ba8,0x00000007b7280000)
}
Event: 207.695 GC heap before
{Heap before GC invocations=17 (full 2):
 PSYoungGen      total 294912K, used 272896K [0x00000007eaa80000, 0x0000000800000000, 0x0000000800000000)
  eden space 272896K, 100% used [0x00000007eaa80000,0x00000007fb500000,0x00000007fb500000)
  from space 22016K, 0% used [0x00000007fea80000,0x00000007fea80000,0x0000000800000000)
  to   space 38400K, 0% used [0x00000007fb500000,0x00000007fb500000,0x00000007fda80000)
 ParOldGen       total 152064K, used 84934K [0x00000007c0000000, 0x00000007c9480000, 0x00000007eaa80000)
  object space 152064K, 55% used [0x00000007c0000000,0x00000007c52f1948,0x00000007c9480000)
 PSPermGen       total 117248K, used 78011K [0x00000007b0000000, 0x00000007b7280000, 0x00000007c0000000)
  object space 117248K, 66% used [0x00000007b0000000,0x00000007b4c2ed60,0x00000007b7280000)
Event: 207.732 GC heap after
Heap after GC invocations=17 (full 2):
 PSYoungGen      total 299008K, used 25694K [0x00000007eaa80000, 0x0000000800000000, 0x0000000800000000)
  eden space 272896K, 0% used [0x00000007eaa80000,0x00000007eaa80000,0x00000007fb500000)
  from space 26112K, 98% used [0x00000007fb500000,0x00000007fce178e0,0x00000007fce80000)
  to   space 40448K, 0% used [0x00000007fd880000,0x00000007fd880000,0x0000000800000000)
 ParOldGen       total 152064K, used 84942K [0x00000007c0000000, 0x00000007c9480000, 0x00000007eaa80000)
  object space 152064K, 55% used [0x00000007c0000000,0x00000007c52f3948,0x00000007c9480000)
 PSPermGen       total 117248K, used 78011K [0x00000007b0000000, 0x00000007b7280000, 0x00000007c0000000)
  object space 117248K, 66% used [0x00000007b0000000,0x00000007b4c2ed60,0x00000007b7280000)
}

Deoptimization events (10 events):
Event: 207.787 Thread 0x00007fb933f24000 Uncommon trap: reason=array_check action=maybe_recompile pc=0x00000001075feb8c method=java.util.TimSort.mergeLo(IIII)V @ 586
Event: 207.830 Thread 0x00007fb933f24000 Uncommon trap: reason=null_check action=make_not_entrant pc=0x000000010748af28 method=java.lang.ThreadLocal$ThreadLocalMap.getEntryAfterMiss(Ljava/lang/ThreadLocal;ILjava/lang/ThreadLocal$ThreadLocalMap$Entry;)Ljava/lang/ThreadLocal$ThreadLocalMap$Entry; 
Event: 208.025 Thread 0x00007fb933f24000 Uncommon trap: reason=null_check action=make_not_entrant pc=0x0000000107601c10 method=groovy.lang.MetaClassImpl.addMetaBeanProperty(Lgroovy/lang/MetaBeanProperty;)V @ 45
Event: 208.641 Thread 0x00007fb933f24000 Uncommon trap: reason=class_check action=maybe_recompile pc=0x000000010745cd50 method=java.io.Writer.write(Ljava/lang/String;)V @ 7
Event: 208.641 Thread 0x00007fb933f24000 Uncommon trap: reason=class_check action=maybe_recompile pc=0x000000010745cd50 method=java.io.Writer.write(Ljava/lang/String;)V @ 7
Event: 208.641 Thread 0x00007fb933f24000 Uncommon trap: reason=class_check action=maybe_recompile pc=0x000000010745cd50 method=java.io.Writer.write(Ljava/lang/String;)V @ 7
Event: 208.641 Thread 0x00007fb933f24000 Uncommon trap: reason=class_check action=maybe_recompile pc=0x000000010745cd50 method=java.io.Writer.write(Ljava/lang/String;)V @ 7
Event: 209.025 Thread 0x00007fb933f24000 Uncommon trap: reason=unreached action=reinterpret pc=0x000000010717848c method=com.sun.org.apache.xerces.internal.dom.DeferredDocumentImpl.getChunkIndex([[III)I @ 3
Event: 209.523 Thread 0x00007fb933f24000 Uncommon trap: reason=predicate action=maybe_recompile pc=0x00000001076080ec method=com.google.common.base.CharMatcher.indexIn(Ljava/lang/CharSequence;I)I @ 22
Event: 209.537 Thread 0x00007fb933f24000 Uncommon trap: reason=array_check action=maybe_recompile pc=0x00000001075c3fb4 method=java.util.ComparableTimSort.mergeLo(IIII)V @ 461

Internal exceptions (10 events):
Event: 209.654 Thread 0x00007fb933f24000 Threw 0x00000007f4339f90 at /HUDSON/workspace/7u-2-build-macosx-x86_64/jdk7u75/1940/hotspot/src/share/vm/classfile/systemDictionary.cpp:185
Event: 209.654 Thread 0x00007fb933f24000 Threw 0x00000007f433eb98 at /HUDSON/workspace/7u-2-build-macosx-x86_64/jdk7u75/1940/hotspot/src/share/vm/prims/jvm.cpp:1281
Event: 209.654 Thread 0x00007fb933f24000 Threw 0x00000007f4343670 at /HUDSON/workspace/7u-2-build-macosx-x86_64/jdk7u75/1940/hotspot/src/share/vm/prims/jvm.cpp:1281
Event: 209.654 Thread 0x00007fb933f24000 Threw 0x00000007f4343b38 at /HUDSON/workspace/7u-2-build-macosx-x86_64/jdk7u75/1940/hotspot/src/share/vm/classfile/systemDictionary.cpp:185
Event: 209.654 Thread 0x00007fb933f24000 Threw 0x00000007f434ccf0 at /HUDSON/workspace/7u-2-build-macosx-x86_64/jdk7u75/1940/hotspot/src/share/vm/prims/jvm.cpp:1281
Event: 209.654 Thread 0x00007fb933f24000 Threw 0x00000007f4351918 at /HUDSON/workspace/7u-2-build-macosx-x86_64/jdk7u75/1940/hotspot/src/share/vm/prims/jvm.cpp:1281
Event: 209.654 Thread 0x00007fb933f24000 Threw 0x00000007f4351ce0 at /HUDSON/workspace/7u-2-build-macosx-x86_64/jdk7u75/1940/hotspot/src/share/vm/classfile/systemDictionary.cpp:185
Event: 209.662 Thread 0x00007fb933f24000 Threw 0x00000007f43cc3d8 at /HUDSON/workspace/7u-2-build-macosx-x86_64/jdk7u75/1940/hotspot/src/share/vm/prims/jvm.cpp:1281
Event: 209.662 Thread 0x00007fb933f24000 Threw 0x00000007f43cd2e8 at /HUDSON/workspace/7u-2-build-macosx-x86_64/jdk7u75/1940/hotspot/src/share/vm/prims/jvm.cpp:1281
Event: 209.662 Thread 0x00007fb933f24000 Threw 0x00000007f43d78b8 at /HUDSON/workspace/7u-2-build-macosx-x86_64/jdk7u75/1940/hotspot/src/share/vm/prims/jvm.cpp:1281

Events (10 events):
Event: 210.000 Executing VM operation: RevokeBias
Event: 210.000 Executing VM operation: RevokeBias done
Event: 210.000 Thread 0x00007fb9324d2000 Thread exited: 0x00007fb9324d2000
Event: 210.000 Executing VM operation: RevokeBias
Event: 210.000 Executing VM operation: RevokeBias done
Event: 210.000 Thread 0x00007fb9321e3000 Thread exited: 0x00007fb9321e3000
Event: 210.000 Thread 0x00007fb936262000 Thread exited: 0x00007fb936262000
Event: 210.000 Executing VM operation: RevokeBias
Event: 210.001 Executing VM operation: RevokeBias done
Event: 210.001 Thread 0x00007fb932425800 Thread exited: 0x00007fb932425800


Dynamic libraries:
0x000000000032e000 	/System/Library/Frameworks/Cocoa.framework/Versions/A/Cocoa
0x000000000032e000 	/System/Library/Frameworks/Security.framework/Versions/A/Security
0x000000000032e000 	/System/Library/Frameworks/ApplicationServices.framework/Versions/A/ApplicationServices
0x000000000032e000 	/usr/lib/libz.1.dylib
0x000000000032e000 	/usr/lib/libSystem.B.dylib
0x000000000032e000 	/usr/lib/libobjc.A.dylib
0x000000000032e000 	/System/Library/Frameworks/CoreFoundation.framework/Versions/A/CoreFoundation
0x000000000032e000 	/System/Library/Frameworks/Foundation.framework/Versions/C/Foundation
0x000000000032e000 	/System/Library/Frameworks/AppKit.framework/Versions/C/AppKit
0x000000000032e000 	/System/Library/Frameworks/CoreData.framework/Versions/A/CoreData
0x000000000032e000 	/System/Library/PrivateFrameworks/RemoteViewServices.framework/Versions/A/RemoteViewServices
0x000000000032e000 	/System/Library/PrivateFrameworks/UIFoundation.framework/Versions/A/UIFoundation
0x000000000032e000 	/System/Library/Frameworks/IOSurface.framework/Versions/A/IOSurface
0x000000000032e000 	/System/Library/Frameworks/AudioToolbox.framework/Versions/A/AudioToolbox
0x000000000032e000 	/System/Library/Frameworks/AudioUnit.framework/Versions/A/AudioUnit
0x000000000032e000 	/System/Library/PrivateFrameworks/DataDetectorsCore.framework/Versions/A/DataDetectorsCore
0x000000000032e000 	/System/Library/PrivateFrameworks/DesktopServicesPriv.framework/Versions/A/DesktopServicesPriv
0x000000000032e000 	/System/Library/Frameworks/Carbon.framework/Versions/A/Frameworks/HIToolbox.framework/Versions/A/HIToolbox
0x000000000032e000 	/System/Library/Frameworks/QuartzCore.framework/Versions/A/QuartzCore
0x000000000032e000 	/System/Library/Frameworks/Carbon.framework/Versions/A/Frameworks/SpeechRecognition.framework/Versions/A/SpeechRecognition
0x000000000032e000 	/usr/lib/libauto.dylib
0x000000000032e000 	/usr/lib/libicucore.A.dylib
0x000000000032e000 	/usr/lib/libxml2.2.dylib
0x000000000032e000 	/System/Library/PrivateFrameworks/CoreUI.framework/Versions/A/CoreUI
0x000000000032e000 	/System/Library/Frameworks/CoreAudio.framework/Versions/A/CoreAudio
0x000000000032e000 	/System/Library/Frameworks/DiskArbitration.framework/Versions/A/DiskArbitration
0x000000000032e000 	/usr/lib/liblangid.dylib
0x000000000032e000 	/System/Library/PrivateFrameworks/MultitouchSupport.framework/Versions/A/MultitouchSupport
0x000000000032e000 	/System/Library/Frameworks/IOKit.framework/Versions/A/IOKit
0x000000000032e000 	/usr/lib/libDiagnosticMessagesClient.dylib
0x000000000032e000 	/System/Library/Frameworks/CoreServices.framework/Versions/A/CoreServices
0x000000000032e000 	/System/Library/PrivateFrameworks/PerformanceAnalysis.framework/Versions/A/PerformanceAnalysis
0x000000000032e000 	/System/Library/PrivateFrameworks/GenerationalStorage.framework/Versions/A/GenerationalStorage
0x000000000032e000 	/System/Library/Frameworks/OpenGL.framework/Versions/A/OpenGL
0x000000000032e000 	/System/Library/PrivateFrameworks/Sharing.framework/Versions/A/Sharing
0x000000000032e000 	/System/Library/Frameworks/CoreGraphics.framework/Versions/A/CoreGraphics
0x000000000032e000 	/System/Library/Frameworks/CoreText.framework/Versions/A/CoreText
0x000000000032e000 	/System/Library/Frameworks/ImageIO.framework/Versions/A/ImageIO
0x000000000032e000 	/usr/lib/libextension.dylib
0x000000000032e000 	/System/Library/PrivateFrameworks/Backup.framework/Versions/A/Backup
0x000000000032e000 	/usr/lib/libarchive.2.dylib
0x000000000032e000 	/System/Library/Frameworks/CFNetwork.framework/Versions/A/CFNetwork
0x000000000032e000 	/System/Library/Frameworks/SystemConfiguration.framework/Versions/A/SystemConfiguration
0x000000000032e000 	/usr/lib/libCRFSuite.dylib
0x000000000032e000 	/usr/lib/libc++.1.dylib
0x000000000032e000 	/usr/lib/libc++abi.dylib
0x000000000032e000 	/usr/lib/system/libcache.dylib
0x000000000032e000 	/usr/lib/system/libcommonCrypto.dylib
0x000000000032e000 	/usr/lib/system/libcompiler_rt.dylib
0x000000000032e000 	/usr/lib/system/libcopyfile.dylib
0x000000000032e000 	/usr/lib/system/libcorecrypto.dylib
0x000000000032e000 	/usr/lib/system/libdispatch.dylib
0x000000000032e000 	/usr/lib/system/libdyld.dylib
0x000000000032e000 	/usr/lib/system/libkeymgr.dylib
0x000000000032e000 	/usr/lib/system/liblaunch.dylib
0x000000000032e000 	/usr/lib/system/libmacho.dylib
0x000000000032e000 	/usr/lib/system/libquarantine.dylib
0x000000000032e000 	/usr/lib/system/libremovefile.dylib
0x000000000032e000 	/usr/lib/system/libsystem_asl.dylib
0x000000000032e000 	/usr/lib/system/libsystem_blocks.dylib
0x000000000032e000 	/usr/lib/system/libsystem_c.dylib
0x000000000032e000 	/usr/lib/system/libsystem_configuration.dylib
0x000000000032e000 	/usr/lib/system/libsystem_coreservices.dylib
0x000000000032e000 	/usr/lib/system/libsystem_coretls.dylib
0x000000000032e000 	/usr/lib/system/libsystem_dnssd.dylib
0x000000000032e000 	/usr/lib/system/libsystem_info.dylib
0x000000000032e000 	/usr/lib/system/libsystem_kernel.dylib
0x000000000032e000 	/usr/lib/system/libsystem_m.dylib
0x000000000032e000 	/usr/lib/system/libsystem_malloc.dylib
0x000000000032e000 	/usr/lib/system/libsystem_network.dylib
0x000000000032e000 	/usr/lib/system/libsystem_networkextension.dylib
0x000000000032e000 	/usr/lib/system/libsystem_notify.dylib
0x000000000032e000 	/usr/lib/system/libsystem_platform.dylib
0x000000000032e000 	/usr/lib/system/libsystem_pthread.dylib
0x000000000032e000 	/usr/lib/system/libsystem_sandbox.dylib
0x000000000032e000 	/usr/lib/system/libsystem_secinit.dylib
0x000000000032e000 	/usr/lib/system/libsystem_stats.dylib
0x000000000032e000 	/usr/lib/system/libsystem_trace.dylib
0x000000000032e000 	/usr/lib/system/libunc.dylib
0x000000000032e000 	/usr/lib/system/libunwind.dylib
0x000000000032e000 	/usr/lib/system/libxpc.dylib
0x000000000032e000 	/usr/lib/libbz2.1.0.dylib
0x000000000032e000 	/usr/lib/liblzma.5.dylib
0x000000000032e000 	/usr/lib/libbsm.0.dylib
0x000000000032e000 	/usr/lib/libsqlite3.dylib
0x000000000032e000 	/usr/lib/system/libkxld.dylib
0x000000000032e000 	/usr/lib/libxar.1.dylib
0x000000000032e000 	/usr/lib/libpam.2.dylib
0x000000000032e000 	/usr/lib/libOpenScriptingUtil.dylib
0x000000000032e000 	/System/Library/Frameworks/CoreServices.framework/Versions/A/Frameworks/FSEvents.framework/Versions/A/FSEvents
0x000000000032e000 	/System/Library/Frameworks/CoreServices.framework/Versions/A/Frameworks/CarbonCore.framework/Versions/A/CarbonCore
0x000000000032e000 	/System/Library/Frameworks/CoreServices.framework/Versions/A/Frameworks/Metadata.framework/Versions/A/Metadata
0x000000000032e000 	/System/Library/Frameworks/CoreServices.framework/Versions/A/Frameworks/OSServices.framework/Versions/A/OSServices
0x000000000032e000 	/System/Library/Frameworks/CoreServices.framework/Versions/A/Frameworks/SearchKit.framework/Versions/A/SearchKit
0x000000000032e000 	/System/Library/Frameworks/CoreServices.framework/Versions/A/Frameworks/AE.framework/Versions/A/AE
0x000000000032e000 	/System/Library/Frameworks/CoreServices.framework/Versions/A/Frameworks/LaunchServices.framework/Versions/A/LaunchServices
0x000000000032e000 	/System/Library/Frameworks/CoreServices.framework/Versions/A/Frameworks/DictionaryServices.framework/Versions/A/DictionaryServices
0x000000000032e000 	/System/Library/Frameworks/NetFS.framework/Versions/A/NetFS
0x000000000032e000 	/System/Library/PrivateFrameworks/NetAuth.framework/Versions/A/NetAuth
0x000000000032e000 	/System/Library/PrivateFrameworks/login.framework/Versions/A/Frameworks/loginsupport.framework/Versions/A/loginsupport
0x000000000032e000 	/System/Library/PrivateFrameworks/TCC.framework/Versions/A/TCC
0x000000000032e000 	/usr/lib/libmecabra.dylib
0x000000000032e000 	/System/Library/Frameworks/ApplicationServices.framework/Versions/A/Frameworks/ATS.framework/Versions/A/ATS
0x000000000032e000 	/System/Library/Frameworks/ApplicationServices.framework/Versions/A/Frameworks/ColorSync.framework/Versions/A/ColorSync
0x000000000032e000 	/System/Library/Frameworks/ApplicationServices.framework/Versions/A/Frameworks/HIServices.framework/Versions/A/HIServices
0x000000000032e000 	/System/Library/Frameworks/ApplicationServices.framework/Versions/A/Frameworks/LangAnalysis.framework/Versions/A/LangAnalysis
0x000000000032e000 	/System/Library/Frameworks/ApplicationServices.framework/Versions/A/Frameworks/PrintCore.framework/Versions/A/PrintCore
0x000000000032e000 	/System/Library/Frameworks/ApplicationServices.framework/Versions/A/Frameworks/QD.framework/Versions/A/QD
0x000000000032e000 	/System/Library/Frameworks/ApplicationServices.framework/Versions/A/Frameworks/SpeechSynthesis.framework/Versions/A/SpeechSynthesis
0x000000000032e000 	/System/Library/Frameworks/Accelerate.framework/Versions/A/Accelerate
0x000000000032e000 	/System/Library/Frameworks/Accelerate.framework/Versions/A/Frameworks/vImage.framework/Versions/A/vImage
0x000000000032e000 	/System/Library/Frameworks/Accelerate.framework/Versions/A/Frameworks/vecLib.framework/Versions/A/vecLib
0x000000000032e000 	/System/Library/Frameworks/Accelerate.framework/Versions/A/Frameworks/vecLib.framework/Versions/A/libvDSP.dylib
0x000000000032e000 	/System/Library/Frameworks/Accelerate.framework/Versions/A/Frameworks/vecLib.framework/Versions/A/libvMisc.dylib
0x000000000032e000 	/System/Library/Frameworks/Accelerate.framework/Versions/A/Frameworks/vecLib.framework/Versions/A/libLAPACK.dylib
0x000000000032e000 	/System/Library/Frameworks/Accelerate.framework/Versions/A/Frameworks/vecLib.framework/Versions/A/libBLAS.dylib
0x000000000032e000 	/System/Library/Frameworks/Accelerate.framework/Versions/A/Frameworks/vecLib.framework/Versions/A/libLinearAlgebra.dylib
0x000000000032e000 	/System/Library/Frameworks/ApplicationServices.framework/Versions/A/Frameworks/ATS.framework/Versions/A/Resources/libFontParser.dylib
0x000000000032e000 	/System/Library/Frameworks/ApplicationServices.framework/Versions/A/Frameworks/ATS.framework/Versions/A/Resources/libFontRegistry.dylib
0x000000000032e000 	/System/Library/PrivateFrameworks/AppleVPA.framework/Versions/A/AppleVPA
0x000000000032e000 	/System/Library/PrivateFrameworks/AppleJPEG.framework/Versions/A/AppleJPEG
0x000000000032e000 	/System/Library/Frameworks/ImageIO.framework/Versions/A/Resources/libJPEG.dylib
0x000000000032e000 	/System/Library/Frameworks/ImageIO.framework/Versions/A/Resources/libTIFF.dylib
0x000000000032e000 	/System/Library/Frameworks/ImageIO.framework/Versions/A/Resources/libPng.dylib
0x000000000032e000 	/System/Library/Frameworks/ImageIO.framework/Versions/A/Resources/libGIF.dylib
0x000000000032e000 	/System/Library/Frameworks/ImageIO.framework/Versions/A/Resources/libJP2.dylib
0x000000000032e000 	/System/Library/Frameworks/ImageIO.framework/Versions/A/Resources/libRadiance.dylib
0x000000000032e000 	/System/Library/Frameworks/CoreVideo.framework/Versions/A/CoreVideo
0x000000000032e000 	/System/Library/Frameworks/OpenGL.framework/Versions/A/Libraries/libGLU.dylib
0x000000000032e000 	/System/Library/Frameworks/OpenGL.framework/Versions/A/Libraries/libGFXShared.dylib
0x000000000032e000 	/System/Library/Frameworks/OpenGL.framework/Versions/A/Libraries/libGL.dylib
0x000000000032e000 	/System/Library/Frameworks/OpenGL.framework/Versions/A/Libraries/libGLImage.dylib
0x000000000032e000 	/System/Library/Frameworks/OpenGL.framework/Versions/A/Libraries/libCVMSPluginSupport.dylib
0x000000000032e000 	/System/Library/Frameworks/OpenGL.framework/Versions/A/Libraries/libCoreVMClient.dylib
0x000000000032e000 	/usr/lib/libcups.2.dylib
0x000000000032e000 	/System/Library/Frameworks/Kerberos.framework/Versions/A/Kerberos
0x000000000032e000 	/System/Library/Frameworks/GSS.framework/Versions/A/GSS
0x000000000032e000 	/usr/lib/libresolv.9.dylib
0x000000000032e000 	/usr/lib/libiconv.2.dylib
0x000000000032e000 	/System/Library/PrivateFrameworks/Heimdal.framework/Versions/A/Heimdal
0x000000000032e000 	/usr/lib/libheimdal-asn1.dylib
0x000000000032e000 	/System/Library/Frameworks/OpenDirectory.framework/Versions/A/OpenDirectory
0x000000000032e000 	/System/Library/PrivateFrameworks/CommonAuth.framework/Versions/A/CommonAuth
0x000000000032e000 	/System/Library/Frameworks/OpenDirectory.framework/Versions/A/Frameworks/CFOpenDirectory.framework/Versions/A/CFOpenDirectory
0x000000000032e000 	/System/Library/Frameworks/SecurityFoundation.framework/Versions/A/SecurityFoundation
0x000000000032e000 	/System/Library/PrivateFrameworks/LanguageModeling.framework/Versions/A/LanguageModeling
0x000000000032e000 	/usr/lib/libcmph.dylib
0x000000000032e000 	/System/Library/Frameworks/ServiceManagement.framework/Versions/A/ServiceManagement
0x000000000032e000 	/usr/lib/libxslt.1.dylib
0x000000000032e000 	/System/Library/Frameworks/Carbon.framework/Versions/A/Frameworks/Ink.framework/Versions/A/Ink
0x000000000032e000 	/System/Library/Frameworks/QuartzCore.framework/Versions/A/Frameworks/CoreImage.framework/Versions/A/CoreImage
0x000000000032e000 	/System/Library/PrivateFrameworks/CrashReporterSupport.framework/Versions/A/CrashReporterSupport
0x000000000032e000 	/System/Library/Frameworks/OpenCL.framework/Versions/A/OpenCL
0x000000000032e000 	/System/Library/PrivateFrameworks/FaceCore.framework/Versions/A/FaceCore
0x000000000032e000 	/System/Library/PrivateFrameworks/Ubiquity.framework/Versions/A/Ubiquity
0x000000000032e000 	/System/Library/PrivateFrameworks/IconServices.framework/Versions/A/IconServices
0x000000000032e000 	/System/Library/PrivateFrameworks/ChunkingLibrary.framework/Versions/A/ChunkingLibrary
0x000000000032e000 	/System/Library/PrivateFrameworks/Apple80211.framework/Versions/A/Apple80211
0x000000000032e000 	/System/Library/Frameworks/CoreWLAN.framework/Versions/A/CoreWLAN
0x000000000032e000 	/System/Library/Frameworks/IOBluetooth.framework/Versions/A/IOBluetooth
0x000000000032e000 	/System/Library/PrivateFrameworks/CoreWiFi.framework/Versions/A/CoreWiFi
0x000000000032e000 	/System/Library/Frameworks/CoreBluetooth.framework/Versions/A/CoreBluetooth
0x000000000032e000 	/System/Library/PrivateFrameworks/DebugSymbols.framework/Versions/A/DebugSymbols
0x000000000032e000 	/System/Library/PrivateFrameworks/CoreSymbolication.framework/Versions/A/CoreSymbolication
0x000000000032e000 	/System/Library/PrivateFrameworks/Symbolication.framework/Versions/A/Symbolication
0x000000000032e000 	/System/Library/PrivateFrameworks/SpeechRecognitionCore.framework/Versions/A/SpeechRecognitionCore
0x000000004b741000 	/System/Library/CoreServices/Encodings/libCyrillicConverter.dylib
0x0000000105af9000 	/Library/Java/JavaVirtualMachines/jdk1.7.0_75.jdk/Contents/Home/jre/lib/server/libjvm.dylib
0x000000000032e000 	/usr/lib/libstdc++.6.dylib
0x0000000106571000 	/Library/Java/JavaVirtualMachines/jdk1.7.0_75.jdk/Contents/Home/jre/lib/libverify.dylib
0x000000010657e000 	/Library/Java/JavaVirtualMachines/jdk1.7.0_75.jdk/Contents/Home/jre/lib/libjava.dylib
0x00000001065b8000 	/Library/Java/JavaVirtualMachines/jdk1.7.0_75.jdk/Contents/Home/jre/lib/libzip.dylib
0x000000010e846000 	/System/Library/Frameworks/JavaVM.framework/Frameworks/JavaRuntimeSupport.framework/JavaRuntimeSupport
0x000000010e85e000 	/System/Library/Frameworks/JavaVM.framework/Versions/A/Frameworks/JavaNativeFoundation.framework/Versions/A/JavaNativeFoundation
0x000000010e873000 	/System/Library/Frameworks/JavaVM.framework/Versions/A/JavaVM
0x000000000032e000 	/System/Library/Frameworks/Carbon.framework/Versions/A/Carbon
0x000000010e880000 	/System/Library/PrivateFrameworks/JavaLaunching.framework/Versions/A/JavaLaunching
0x000000000032e000 	/System/Library/Frameworks/Carbon.framework/Versions/A/Frameworks/CommonPanels.framework/Versions/A/CommonPanels
0x000000000032e000 	/System/Library/Frameworks/Carbon.framework/Versions/A/Frameworks/Help.framework/Versions/A/Help
0x000000000032e000 	/System/Library/Frameworks/Carbon.framework/Versions/A/Frameworks/ImageCapture.framework/Versions/A/ImageCapture
0x000000000032e000 	/System/Library/Frameworks/Carbon.framework/Versions/A/Frameworks/OpenScripting.framework/Versions/A/OpenScripting
0x000000000032e000 	/System/Library/Frameworks/Carbon.framework/Versions/A/Frameworks/Print.framework/Versions/A/Print
0x000000000032e000 	/System/Library/Frameworks/Carbon.framework/Versions/A/Frameworks/SecurityHI.framework/Versions/A/SecurityHI
0x0000000110809000 	/Library/Java/JavaVirtualMachines/jdk1.7.0_75.jdk/Contents/Home/jre/lib/libnet.dylib
0x0000000110867000 	/Library/Java/JavaVirtualMachines/jdk1.7.0_75.jdk/Contents/Home/jre/lib/libnio.dylib
0x0000000110d06000 	/private/var/folders/mf/fg405yls4s9gf81m6l02b90m0000gp/T/native-platform8472056780849426385dir/libnative-platform.dylib
0x000000010e9e7000 	/Library/Java/JavaVirtualMachines/jdk1.7.0_75.jdk/Contents/Home/jre/lib/libsunec.dylib

VM Arguments:
jvm_args: -XX:MaxPermSize=256m -XX:+HeapDumpOnOutOfMemoryError -Xmx1024m -Dfile.encoding=UTF-8 -Duser.country=RU -Duser.language=ru -Duser.variant 
java_command: org.gradle.launcher.daemon.bootstrap.GradleDaemon 2.2.1 /Users/artoymtkachenko/.gradle/daemon 10800000 726948d3-efb4-4bab-b270-787655d06157 -XX:MaxPermSize=256m -XX:+HeapDumpOnOutOfMemoryError -Xmx1024m -Dfile.encoding=UTF-8 -Duser.country=RU -Duser.language=ru -Duser.variant
Launcher Type: SUN_STANDARD

Environment Variables:
PATH=/usr/bin:/bin:/usr/sbin:/sbin
SHELL=/bin/bash

Signal Handlers:
SIGSEGV: [libjvm.dylib+0x52d20d], sa_mask[0]=0xfffefeff, sa_flags=0x00000043
SIGBUS: [libjvm.dylib+0x52d20d], sa_mask[0]=0xfffefeff, sa_flags=0x00000042
SIGFPE: [libjvm.dylib+0x41ee7a], sa_mask[0]=0xfffefeff, sa_flags=0x00000042
SIGPIPE: [libjvm.dylib+0x41ee7a], sa_mask[0]=0xfffefeff, sa_flags=0x00000042
SIGXFSZ: [libjvm.dylib+0x41ee7a], sa_mask[0]=0xfffefeff, sa_flags=0x00000042
SIGILL: [libjvm.dylib+0x41ee7a], sa_mask[0]=0xfffefeff, sa_flags=0x00000042
SIGUSR1: SIG_DFL, sa_mask[0]=0x00000000, sa_flags=0x00000000
SIGUSR2: [libjvm.dylib+0x41e96c], sa_mask[0]=0x00000004, sa_flags=0x00000042
SIGHUP: [libjvm.dylib+0x41cbfd], sa_mask[0]=0xfffefeff, sa_flags=0x00000042
SIGINT: [libjvm.dylib+0x41cbfd], sa_mask[0]=0xfffefeff, sa_flags=0x00000042
SIGTERM: [libjvm.dylib+0x41cbfd], sa_mask[0]=0xfffefeff, sa_flags=0x00000042
SIGQUIT: [libjvm.dylib+0x41cbfd], sa_mask[0]=0xfffefeff, sa_flags=0x00000042


---------------  S Y S T E M  ---------------

OS:Bsduname:Darwin 14.1.0 Darwin Kernel Version 14.1.0: Mon Dec 22 23:10:38 PST 2014; root:xnu-2782.10.72~2/RELEASE_X86_64 x86_64
rlimit: STACK 8192k, CORE 0k, NPROC 709, NOFILE 10240, AS infinity
load average:3.05 2.47 2.19

CPU:total 4 (2 cores per cpu, 2 threads per core) family 6 model 69 stepping 1, cmov, cx8, fxsr, mmx, sse, sse2, sse3, ssse3, sse4.1, sse4.2, popcnt, avx, avx2, aes, erms, ht, tsc, tscinvbit

Memory: 4k page, physical 8388608k(2097152k free)

/proc/meminfo:


vm_info: Java HotSpot(TM) 64-Bit Server VM (24.75-b04) for bsd-amd64 JRE (1.7.0_75-b13), built on Dec 18 2014 21:48:12 by "java_re" with gcc 4.2.1 (Based on Apple Inc. build 5658) (LLVM build 2336.11.00)

time: Thu May 14 13:07:09 2015
elapsed time: 210 seconds

